<?xml version="1.0" encoding="UTF-8"?>
<testng-results ignored="0" total="1" passed="1" failed="0" skipped="0">
  <reporter-output>
  </reporter-output>
  <suite started-at="2024-03-18T14:58:45 IST" name="Default suite" finished-at="2024-03-18T14:58:49 IST" duration-ms="3520">
    <groups>
    </groups>
    <test started-at="2024-03-18T14:58:45 IST" name="Default test" finished-at="2024-03-18T14:58:49 IST" duration-ms="3520">
      <class name="Jv.practice">
        <test-method signature="select()[pri:0, instance:Jv.practice@1151e434]" started-at="2024-03-18T14:58:45 IST" name="select" finished-at="2024-03-18T14:58:49 IST" duration-ms="3461" status="PASS">
          <reporter-output>
          </reporter-output>
        </test-method> <!-- select -->
      </class> <!-- Jv.practice -->
    </test> <!-- Default test -->
  </suite> <!-- Default suite -->
</testng-results>
